Test: static shards ...
jion 0
labgob warning: Decoding into a non-default variable/field NextIndex may not work
jion 1
2024/03/11 16:51:32 更新配置{1 [100 100 100 100 100 100 100 100 100 100] map[100:[server-100-0 server-100-1 server-100-2]]}
2024/03/11 16:51:32 更新配置{1 [100 100 100 100 100 100 100 100 100 100] map[100:[server-100-0 server-100-1 server-100-2]]}
2024/03/11 16:51:32 更新配置{1 [100 100 100 100 100 100 100 100 100 100] map[100:[server-100-0 server-100-1 server-100-2]]}
2024/03/11 16:51:32 更新配置{1 [100 100 100 100 100 100 100 100 100 100] map[100:[server-100-0 server-100-1 server-100-2]]}
2024/03/11 16:51:32 更新配置{1 [100 100 100 100 100 100 100 100 100 100] map[100:[server-100-0 server-100-1 server-100-2]]}
2024/03/11 16:51:32 更新配置{1 [100 100 100 100 100 100 100 100 100 100] map[100:[server-100-0 server-100-1 server-100-2]]}
2024/03/11 16:51:32 更新配置{1 [100 100 100 100 100 100 100 100 100 100] map[100:[server-100-0 server-100-1 server-100-2]]}
2024/03/11 16:51:32 更新配置{1 [100 100 100 100 100 100 100 100 100 100] map[100:[server-100-0 server-100-1 server-100-2]]}
put 0 oIpdXEmBV8Gr1H8MEuvJ
2024/03/11 16:51:33 更新配置{2 [101 100 101 101 101 100 101 101 101 100] map[100:[server-100-0 server-100-1 server-100-2] 101:[server-101-0 server-101-1 server-101-2]]}
2024/03/11 16:51:33 更新配置{2 [101 100 101 101 101 100 101 101 101 100] map[100:[server-100-0 server-100-1 server-100-2] 101:[server-101-0 server-101-1 server-101-2]]}
2024/03/11 16:51:33 更新配置{2 [101 100 101 101 101 100 101 101 101 100] map[100:[server-100-0 server-100-1 server-100-2] 101:[server-101-0 server-101-1 server-101-2]]}
2024/03/11 16:51:33 更新配置{2 [101 100 101 101 101 100 101 101 101 100] map[100:[server-100-0 server-100-1 server-100-2] 101:[server-101-0 server-101-1 server-101-2]]}
2024/03/11 16:51:33 更新配置{2 [101 100 101 101 101 100 101 101 101 100] map[100:[server-100-0 server-100-1 server-100-2] 101:[server-101-0 server-101-1 server-101-2]]}
2024/03/11 16:51:33 更新配置{2 [101 100 101 101 101 100 101 101 101 100] map[100:[server-100-0 server-100-1 server-100-2] 101:[server-101-0 server-101-1 server-101-2]]}
2024/03/11 16:51:33 更新配置{2 [101 100 101 101 101 100 101 101 101 100] map[100:[server-100-0 server-100-1 server-100-2] 101:[server-101-0 server-101-1 server-101-2]]}
2024/03/11 16:51:33 更新配置{2 [101 100 101 101 101 100 101 101 101 100] map[100:[server-100-0 server-100-1 server-100-2] 101:[server-101-0 server-101-1 server-101-2]]}
2024/03/11 16:51:33 更新配置{2 [101 100 101 101 101 100 101 101 101 100] map[100:[server-100-0 server-100-1 server-100-2] 101:[server-101-0 server-101-1 server-101-2]]}
2024/03/11 16:51:33 ####客户端 2667043296414369284 对 ctrller 服务器 发起query 指令config{2 [101 100 101 101 101 100 101 101 101 100] map[100:[server-100-0 server-100-1 server-100-2] 101:[server-101-0 server-101-1 server-101-2]]}
2024/03/11 16:51:33 ####客户端 2667043296414369284 对 kv 服务器 server-101-0 发起第1指令 Put/Append 指令信息：{0 oIpdXEmBV8Gr1H8MEuvJ Put 1 2667043296414369284}
2024/03/11 16:51:33 kvserver0 收到client第Seq1条指令，但自己不是leader
2024/03/11 16:51:33 ####客户端 2667043296414369284 对 kv 服务器 server-101-1 发起第1指令 Put/Append 指令信息：{0 oIpdXEmBV8Gr1H8MEuvJ Put 1 2667043296414369284}
2024/03/11 16:51:33 kvserver1 收到client2667043296414369284 第Seq1条指令,key0,valueoIpdXEmBV8Gr1H8MEuvJ向下传递给raft
2024/03/11 16:51:33 kvserver节点1 从applyCH 收到index1 cmd{true {Put 2667043296414369284 1 0 oIpdXEmBV8Gr1H8MEuvJ 0} 1 false [] 0 0}
2024/03/11 16:51:33 databasemap[]
2024/03/11 16:51:33 kvserver1成功添加 key0 valueoIpdXEmBV8Gr1H8MEuvJ 返回参数&{OK}
put 1 EzMUist1ugi4tmaEEPBl
2024/03/11 16:51:33 ####客户端 2667043296414369284 对 kv 服务器 server-100-0 发起第2指令 Put/Append 指令信息：{1 EzMUist1ugi4tmaEEPBl Put 2 2667043296414369284}
2024/03/11 16:51:33 kvserver0 收到client第Seq2条指令，但自己不是leader
2024/03/11 16:51:33 ####客户端 2667043296414369284 对 kv 服务器 server-100-1 发起第2指令 Put/Append 指令信息：{1 EzMUist1ugi4tmaEEPBl Put 2 2667043296414369284}
2024/03/11 16:51:33 kvserver1 收到client2667043296414369284 第Seq2条指令,key1,valueEzMUist1ugi4tmaEEPBl向下传递给raft
2024/03/11 16:51:33 kvserver节点1 从applyCH 收到index1 cmd{true {Put 2667043296414369284 2 1 EzMUist1ugi4tmaEEPBl 0} 1 false [] 0 0}
2024/03/11 16:51:33 kvserver节点2 从applyCH 收到index1 cmd{true {Put 2667043296414369284 1 0 oIpdXEmBV8Gr1H8MEuvJ 0} 1 false [] 0 0}
2024/03/11 16:51:33 databasemap[]
2024/03/11 16:51:33 kvserver节点0 从applyCH 收到index1 cmd{true {Put 2667043296414369284 1 0 oIpdXEmBV8Gr1H8MEuvJ 0} 1 false [] 0 0}
2024/03/11 16:51:33 databasemap[]
2024/03/11 16:51:33 databasemap[]
2024/03/11 16:51:33 kvserver1成功添加 key1 valueEzMUist1ugi4tmaEEPBl 返回参数&{OK}
put 2 MGbjocnwQeq_cc-7ficj
2024/03/11 16:51:33 ####客户端 2667043296414369284 对 kv 服务器 server-101-0 发起第3指令 Put/Append 指令信息：{2 MGbjocnwQeq_cc-7ficj Put 3 2667043296414369284}
2024/03/11 16:51:33 kvserver0 收到client第Seq3条指令，但自己不是leader
2024/03/11 16:51:33 ####客户端 2667043296414369284 对 kv 服务器 server-101-1 发起第3指令 Put/Append 指令信息：{2 MGbjocnwQeq_cc-7ficj Put 3 2667043296414369284}
2024/03/11 16:51:33 kvserver1 收到client2667043296414369284 第Seq3条指令,key2,valueMGbjocnwQeq_cc-7ficj向下传递给raft
2024/03/11 16:51:33 kvserver节点0 从applyCH 收到index1 cmd{true {Put 2667043296414369284 2 1 EzMUist1ugi4tmaEEPBl 0} 1 false [] 0 0}
2024/03/11 16:51:33 databasemap[]
2024/03/11 16:51:33 kvserver节点1 从applyCH 收到index2 cmd{true {Put 2667043296414369284 3 2 MGbjocnwQeq_cc-7ficj 0} 2 false [] 0 0}
2024/03/11 16:51:33 databasemap[]
2024/03/11 16:51:33 kvserver1成功添加 key2 valueMGbjocnwQeq_cc-7ficj 返回参数&{OK}
put 3 tTigzXmrfyZE4hnDJDbW
2024/03/11 16:51:33 ####客户端 2667043296414369284 对 kv 服务器 server-100-0 发起第4指令 Put/Append 指令信息：{3 tTigzXmrfyZE4hnDJDbW Put 4 2667043296414369284}
2024/03/11 16:51:33 kvserver节点2 从applyCH 收到index1 cmd{true {Put 2667043296414369284 2 1 EzMUist1ugi4tmaEEPBl 0} 1 false [] 0 0}
2024/03/11 16:51:33 databasemap[]
2024/03/11 16:51:33 kvserver0 收到client第Seq4条指令，但自己不是leader
2024/03/11 16:51:33 ####客户端 2667043296414369284 对 kv 服务器 server-100-1 发起第4指令 Put/Append 指令信息：{3 tTigzXmrfyZE4hnDJDbW Put 4 2667043296414369284}
2024/03/11 16:51:33 kvserver1 收到client2667043296414369284 第Seq4条指令,key3,valuetTigzXmrfyZE4hnDJDbW向下传递给raft
2024/03/11 16:51:33 kvserver节点2 从applyCH 收到index2 cmd{true {Put 2667043296414369284 3 2 MGbjocnwQeq_cc-7ficj 0} 2 false [] 0 0}
2024/03/11 16:51:33 databasemap[]
2024/03/11 16:51:33 kvserver节点1 从applyCH 收到index2 cmd{true {Put 2667043296414369284 4 3 tTigzXmrfyZE4hnDJDbW 0} 2 false [] 0 0}
2024/03/11 16:51:33 databasemap[]
2024/03/11 16:51:33 kvserver1成功添加 key3 valuetTigzXmrfyZE4hnDJDbW 返回参数&{OK}
2024/03/11 16:51:33 kvserver节点0 从applyCH 收到index2 cmd{true {Put 2667043296414369284 4 3 tTigzXmrfyZE4hnDJDbW 0} 2 false [] 0 0}
2024/03/11 16:51:33 databasemap[]
2024/03/11 16:51:33 kvserver节点0 从applyCH 收到index2 cmd{true {Put 2667043296414369284 3 2 MGbjocnwQeq_cc-7ficj 0} 2 false [] 0 0}
2024/03/11 16:51:33 databasemap[]
put 4 iDSRr8YNyHADGKRZ8jQH
2024/03/11 16:51:33 ####客户端 2667043296414369284 对 kv 服务器 server-101-0 发起第5指令 Put/Append 指令信息：{4 iDSRr8YNyHADGKRZ8jQH Put 5 2667043296414369284}
2024/03/11 16:51:33 kvserver0 收到client第Seq5条指令，但自己不是leader
2024/03/11 16:51:33 ####客户端 2667043296414369284 对 kv 服务器 server-101-1 发起第5指令 Put/Append 指令信息：{4 iDSRr8YNyHADGKRZ8jQH Put 5 2667043296414369284}
2024/03/11 16:51:33 kvserver1 收到client2667043296414369284 第Seq5条指令,key4,valueiDSRr8YNyHADGKRZ8jQH向下传递给raft
2024/03/11 16:51:33 kvserver节点1 从applyCH 收到index3 cmd{true {Put 2667043296414369284 5 4 iDSRr8YNyHADGKRZ8jQH 0} 3 false [] 0 0}
2024/03/11 16:51:33 databasemap[]
2024/03/11 16:51:33 kvserver1成功添加 key4 valueiDSRr8YNyHADGKRZ8jQH 返回参数&{OK}
2024/03/11 16:51:33 kvserver节点2 从applyCH 收到index2 cmd{true {Put 2667043296414369284 4 3 tTigzXmrfyZE4hnDJDbW 0} 2 false [] 0 0}
2024/03/11 16:51:33 databasemap[]
put 5 WiwXCCc1HwLBwdy2zO9T
2024/03/11 16:51:33 ####客户端 2667043296414369284 对 kv 服务器 server-101-0 发起第6指令 Put/Append 指令信息：{5 WiwXCCc1HwLBwdy2zO9T Put 6 2667043296414369284}
2024/03/11 16:51:33 kvserver0 收到client第Seq6条指令，但自己不是leader
2024/03/11 16:51:33 ####客户端 2667043296414369284 对 kv 服务器 server-101-1 发起第6指令 Put/Append 指令信息：{5 WiwXCCc1HwLBwdy2zO9T Put 6 2667043296414369284}
2024/03/11 16:51:33 kvserver1 收到client2667043296414369284 第Seq6条指令,key5,valueWiwXCCc1HwLBwdy2zO9T向下传递给raft
2024/03/11 16:51:34 kvserver节点1 从applyCH 收到index4 cmd{true {Put 2667043296414369284 6 5 WiwXCCc1HwLBwdy2zO9T 0} 4 false [] 0 0}
2024/03/11 16:51:34 databasemap[]
2024/03/11 16:51:34 kvserver1成功添加 key5 valueWiwXCCc1HwLBwdy2zO9T 返回参数&{OK}
2024/03/11 16:51:34 kvserver节点0 从applyCH 收到index3 cmd{true {Put 2667043296414369284 5 4 iDSRr8YNyHADGKRZ8jQH 0} 3 false [] 0 0}
2024/03/11 16:51:34 databasemap[]
2024/03/11 16:51:34 kvserver节点2 从applyCH 收到index3 cmd{true {Put 2667043296414369284 5 4 iDSRr8YNyHADGKRZ8jQH 0} 3 false [] 0 0}
2024/03/11 16:51:34 databasemap[]
put 6 gv-w8v1ORDGDmOKk9dZe
2024/03/11 16:51:34 ####客户端 2667043296414369284 对 kv 服务器 server-101-0 发起第7指令 Put/Append 指令信息：{6 gv-w8v1ORDGDmOKk9dZe Put 7 2667043296414369284}
2024/03/11 16:51:34 kvserver0 收到client第Seq7条指令，但自己不是leader
2024/03/11 16:51:34 ####客户端 2667043296414369284 对 kv 服务器 server-101-1 发起第7指令 Put/Append 指令信息：{6 gv-w8v1ORDGDmOKk9dZe Put 7 2667043296414369284}
2024/03/11 16:51:34 kvserver1 收到client2667043296414369284 第Seq7条指令,key6,valuegv-w8v1ORDGDmOKk9dZe向下传递给raft
2024/03/11 16:51:34 kvserver节点1 从applyCH 收到index5 cmd{true {Put 2667043296414369284 7 6 gv-w8v1ORDGDmOKk9dZe 0} 5 false [] 0 0}
2024/03/11 16:51:34 databasemap[]
2024/03/11 16:51:34 kvserver节点0 从applyCH 收到index4 cmd{true {Put 2667043296414369284 6 5 WiwXCCc1HwLBwdy2zO9T 0} 4 false [] 0 0}
2024/03/11 16:51:34 kvserver1成功添加 key6 valuegv-w8v1ORDGDmOKk9dZe 返回参数&{OK}
2024/03/11 16:51:34 databasemap[]
2024/03/11 16:51:34 kvserver节点2 从applyCH 收到index4 cmd{true {Put 2667043296414369284 6 5 WiwXCCc1HwLBwdy2zO9T 0} 4 false [] 0 0}
2024/03/11 16:51:34 databasemap[]
put 7 6Q8V1BS87eVPlB69U-ki
2024/03/11 16:51:34 ####客户端 2667043296414369284 对 kv 服务器 server-100-0 发起第8指令 Put/Append 指令信息：{7 6Q8V1BS87eVPlB69U-ki Put 8 2667043296414369284}
2024/03/11 16:51:34 kvserver0 收到client第Seq8条指令，但自己不是leader
2024/03/11 16:51:34 ####客户端 2667043296414369284 对 kv 服务器 server-100-1 发起第8指令 Put/Append 指令信息：{7 6Q8V1BS87eVPlB69U-ki Put 8 2667043296414369284}
2024/03/11 16:51:34 kvserver1 收到client2667043296414369284 第Seq8条指令,key7,value6Q8V1BS87eVPlB69U-ki向下传递给raft
2024/03/11 16:51:34 kvserver节点2 从applyCH 收到index5 cmd{true {Put 2667043296414369284 7 6 gv-w8v1ORDGDmOKk9dZe 0} 5 false [] 0 0}
2024/03/11 16:51:34 databasemap[]
2024/03/11 16:51:34 kvserver节点1 从applyCH 收到index3 cmd{true {Put 2667043296414369284 8 7 6Q8V1BS87eVPlB69U-ki 0} 3 false [] 0 0}
2024/03/11 16:51:34 databasemap[]
2024/03/11 16:51:34 kvserver1成功添加 key7 value6Q8V1BS87eVPlB69U-ki 返回参数&{OK}
put 8 GnyQUj9WsbPQnfgycVSa
2024/03/11 16:51:34 ####客户端 2667043296414369284 对 kv 服务器 server-101-0 发起第9指令 Put/Append 指令信息：{8 GnyQUj9WsbPQnfgycVSa Put 9 2667043296414369284}
2024/03/11 16:51:34 kvserver节点0 从applyCH 收到index5 cmd{true {Put 2667043296414369284 7 6 gv-w8v1ORDGDmOKk9dZe 0} 5 false [] 0 0}
2024/03/11 16:51:34 databasemap[]
2024/03/11 16:51:34 kvserver0 收到client第Seq9条指令，但自己不是leader
2024/03/11 16:51:34 ####客户端 2667043296414369284 对 kv 服务器 server-101-1 发起第9指令 Put/Append 指令信息：{8 GnyQUj9WsbPQnfgycVSa Put 9 2667043296414369284}
2024/03/11 16:51:34 kvserver1 收到client2667043296414369284 第Seq9条指令,key8,valueGnyQUj9WsbPQnfgycVSa向下传递给raft
2024/03/11 16:51:34 kvserver节点0 从applyCH 收到index3 cmd{true {Put 2667043296414369284 8 7 6Q8V1BS87eVPlB69U-ki 0} 3 false [] 0 0}
2024/03/11 16:51:34 databasemap[]
2024/03/11 16:51:34 kvserver节点2 从applyCH 收到index3 cmd{true {Put 2667043296414369284 8 7 6Q8V1BS87eVPlB69U-ki 0} 3 false [] 0 0}
2024/03/11 16:51:34 databasemap[]
2024/03/11 16:51:34 kvserver节点1 从applyCH 收到index6 cmd{true {Put 2667043296414369284 9 8 GnyQUj9WsbPQnfgycVSa 0} 6 false [] 0 0}
2024/03/11 16:51:34 databasemap[]
2024/03/11 16:51:34 kvserver1成功添加 key8 valueGnyQUj9WsbPQnfgycVSa 返回参数&{OK}
put 9 qZorA4e9PK-Z7Ftj9Z7g
2024/03/11 16:51:34 ####客户端 2667043296414369284 对 kv 服务器 server-101-0 发起第10指令 Put/Append 指令信息：{9 qZorA4e9PK-Z7Ftj9Z7g Put 10 2667043296414369284}
2024/03/11 16:51:34 kvserver0 收到client第Seq10条指令，但自己不是leader
2024/03/11 16:51:34 ####客户端 2667043296414369284 对 kv 服务器 server-101-1 发起第10指令 Put/Append 指令信息：{9 qZorA4e9PK-Z7Ftj9Z7g Put 10 2667043296414369284}
2024/03/11 16:51:34 kvserver1 收到client2667043296414369284 第Seq10条指令,key9,valueqZorA4e9PK-Z7Ftj9Z7g向下传递给raft
2024/03/11 16:51:34 kvserver节点1 从applyCH 收到index7 cmd{true {Put 2667043296414369284 10 9 qZorA4e9PK-Z7Ftj9Z7g 0} 7 false [] 0 0}
2024/03/11 16:51:34 databasemap[]
2024/03/11 16:51:34 kvserver节点2 从applyCH 收到index6 cmd{true {Put 2667043296414369284 9 8 GnyQUj9WsbPQnfgycVSa 0} 6 false [] 0 0}
2024/03/11 16:51:34 kvserver1成功添加 key9 valueqZorA4e9PK-Z7Ftj9Z7g 返回参数&{OK}
2024/03/11 16:51:34 databasemap[]
2024/03/11 16:51:34 ####客户端 2667043296414369284 对 kv 服务器 server-101-0 发起第11指令 GET 指令信息：{0 11 2667043296414369284}
2024/03/11 16:51:34 kvserver节点0 从applyCH 收到index6 cmd{true {Put 2667043296414369284 9 8 GnyQUj9WsbPQnfgycVSa 0} 6 false [] 0 0}
2024/03/11 16:51:34 databasemap[]
2024/03/11 16:51:34 ####客户端 2667043296414369284 对 kv 服务器 server-101-1 发起第11指令 GET 指令信息：{0 11 2667043296414369284}
2024/03/11 16:51:34 kvserver1 收到client2667043296414369284 第Seq11条指令,key0向下传递给raft
2024/03/11 16:51:34 kvserver节点2 从applyCH 收到index7 cmd{true {Put 2667043296414369284 10 9 qZorA4e9PK-Z7Ftj9Z7g 0} 7 false [] 0 0}
2024/03/11 16:51:34 databasemap[]
2024/03/11 16:51:34 kvserver节点1 从applyCH 收到index8 cmd{true {Get 2667043296414369284 11 0  0} 8 false [] 0 0}
2024/03/11 16:51:34 databasemap[0:oIpdXEmBV8Gr1H8MEuvJ]
2024/03/11 16:51:34 kvserver1 get正确执行，返回参数oIpdXEmBV8Gr1H8MEuvJ
2024/03/11 16:51:34 kvserver节点0 从applyCH 收到index7 cmd{true {Put 2667043296414369284 10 9 qZorA4e9PK-Z7Ftj9Z7g 0} 7 false [] 0 0}
2024/03/11 16:51:34 databasemap[]
2024/03/11 16:51:34 ####客户端 2667043296414369284 对 kv 服务器 server-100-0 发起第12指令 GET 指令信息：{1 12 2667043296414369284}
2024/03/11 16:51:34 ####客户端 2667043296414369284 对 kv 服务器 server-100-1 发起第12指令 GET 指令信息：{1 12 2667043296414369284}
2024/03/11 16:51:34 kvserver1 收到client2667043296414369284 第Seq12条指令,key1向下传递给raft
2024/03/11 16:51:34 kvserver节点0 从applyCH 收到index8 cmd{true {Get 2667043296414369284 11 0  0} 8 false [] 0 0}
2024/03/11 16:51:34 databasemap[0:oIpdXEmBV8Gr1H8MEuvJ]
2024/03/11 16:51:34 kvserver节点1 从applyCH 收到index4 cmd{true {Get 2667043296414369284 12 1  0} 4 false [] 0 0}
2024/03/11 16:51:34 databasemap[1:EzMUist1ugi4tmaEEPBl]
2024/03/11 16:51:34 kvserver1 get正确执行，返回参数EzMUist1ugi4tmaEEPBl
2024/03/11 16:51:34 kvserver节点2 从applyCH 收到index8 cmd{true {Get 2667043296414369284 11 0  0} 8 false [] 0 0}
2024/03/11 16:51:34 ####客户端 2667043296414369284 对 kv 服务器 server-101-0 发起第13指令 GET 指令信息：{2 13 2667043296414369284}
2024/03/11 16:51:34 databasemap[0:oIpdXEmBV8Gr1H8MEuvJ]
2024/03/11 16:51:34 ####客户端 2667043296414369284 对 kv 服务器 server-101-1 发起第13指令 GET 指令信息：{2 13 2667043296414369284}
2024/03/11 16:51:34 kvserver1 收到client2667043296414369284 第Seq13条指令,key2向下传递给raft
2024/03/11 16:51:34 kvserver节点0 从applyCH 收到index4 cmd{true {Get 2667043296414369284 12 1  0} 4 false [] 0 0}
2024/03/11 16:51:34 databasemap[1:EzMUist1ugi4tmaEEPBl]
2024/03/11 16:51:34 kvserver节点2 从applyCH 收到index4 cmd{true {Get 2667043296414369284 12 1  0} 4 false [] 0 0}
2024/03/11 16:51:34 kvserver节点1 从applyCH 收到index9 cmd{true {Get 2667043296414369284 13 2  0} 9 false [] 0 0}
2024/03/11 16:51:34 databasemap[1:EzMUist1ugi4tmaEEPBl]
2024/03/11 16:51:34 databasemap[2:MGbjocnwQeq_cc-7ficj]
2024/03/11 16:51:34 kvserver1 get正确执行，返回参数MGbjocnwQeq_cc-7ficj
2024/03/11 16:51:34 ####客户端 2667043296414369284 对 kv 服务器 server-100-0 发起第14指令 GET 指令信息：{3 14 2667043296414369284}
2024/03/11 16:51:34 ####客户端 2667043296414369284 对 kv 服务器 server-100-1 发起第14指令 GET 指令信息：{3 14 2667043296414369284}
2024/03/11 16:51:34 kvserver1 收到client2667043296414369284 第Seq14条指令,key3向下传递给raft
2024/03/11 16:51:34 kvserver节点0 从applyCH 收到index9 cmd{true {Get 2667043296414369284 13 2  0} 9 false [] 0 0}
2024/03/11 16:51:34 databasemap[2:MGbjocnwQeq_cc-7ficj]
2024/03/11 16:51:34 kvserver节点1 从applyCH 收到index5 cmd{true {Get 2667043296414369284 14 3  0} 5 false [] 0 0}
2024/03/11 16:51:34 kvserver节点2 从applyCH 收到index9 cmd{true {Get 2667043296414369284 13 2  0} 9 false [] 0 0}
2024/03/11 16:51:34 databasemap[3:tTigzXmrfyZE4hnDJDbW]
2024/03/11 16:51:34 databasemap[2:MGbjocnwQeq_cc-7ficj]
2024/03/11 16:51:34 kvserver1 get正确执行，返回参数tTigzXmrfyZE4hnDJDbW
2024/03/11 16:51:34 ####客户端 2667043296414369284 对 kv 服务器 server-101-0 发起第15指令 GET 指令信息：{4 15 2667043296414369284}
2024/03/11 16:51:34 ####客户端 2667043296414369284 对 kv 服务器 server-101-1 发起第15指令 GET 指令信息：{4 15 2667043296414369284}
2024/03/11 16:51:34 kvserver1 收到client2667043296414369284 第Seq15条指令,key4向下传递给raft
2024/03/11 16:51:35 kvserver节点2 从applyCH 收到index5 cmd{true {Get 2667043296414369284 14 3  0} 5 false [] 0 0}
2024/03/11 16:51:35 databasemap[3:tTigzXmrfyZE4hnDJDbW]
2024/03/11 16:51:35 kvserver节点1 从applyCH 收到index10 cmd{true {Get 2667043296414369284 15 4  0} 10 false [] 0 0}
2024/03/11 16:51:35 databasemap[4:iDSRr8YNyHADGKRZ8jQH]
2024/03/11 16:51:35 kvserver节点0 从applyCH 收到index5 cmd{true {Get 2667043296414369284 14 3  0} 5 false [] 0 0}
2024/03/11 16:51:35 databasemap[3:tTigzXmrfyZE4hnDJDbW]
2024/03/11 16:51:35 kvserver1 get正确执行，返回参数iDSRr8YNyHADGKRZ8jQH
2024/03/11 16:51:35 ####客户端 2667043296414369284 对 kv 服务器 server-101-0 发起第16指令 GET 指令信息：{5 16 2667043296414369284}
2024/03/11 16:51:35 ####客户端 2667043296414369284 对 kv 服务器 server-101-1 发起第16指令 GET 指令信息：{5 16 2667043296414369284}
2024/03/11 16:51:35 kvserver1 收到client2667043296414369284 第Seq16条指令,key5向下传递给raft
2024/03/11 16:51:35 kvserver节点1 从applyCH 收到index11 cmd{true {Get 2667043296414369284 16 5  0} 11 false [] 0 0}
2024/03/11 16:51:35 databasemap[5:WiwXCCc1HwLBwdy2zO9T]
2024/03/11 16:51:35 kvserver节点0 从applyCH 收到index10 cmd{true {Get 2667043296414369284 15 4  0} 10 false [] 0 0}
2024/03/11 16:51:35 kvserver节点2 从applyCH 收到index10 cmd{true {Get 2667043296414369284 15 4  0} 10 false [] 0 0}
2024/03/11 16:51:35 kvserver1 get正确执行，返回参数WiwXCCc1HwLBwdy2zO9T
2024/03/11 16:51:35 databasemap[4:iDSRr8YNyHADGKRZ8jQH]
2024/03/11 16:51:35 databasemap[4:iDSRr8YNyHADGKRZ8jQH]
2024/03/11 16:51:35 ####客户端 2667043296414369284 对 kv 服务器 server-101-0 发起第17指令 GET 指令信息：{6 17 2667043296414369284}
2024/03/11 16:51:35 ####客户端 2667043296414369284 对 kv 服务器 server-101-1 发起第17指令 GET 指令信息：{6 17 2667043296414369284}
2024/03/11 16:51:35 kvserver1 收到client2667043296414369284 第Seq17条指令,key6向下传递给raft
2024/03/11 16:51:35 kvserver节点1 从applyCH 收到index12 cmd{true {Get 2667043296414369284 17 6  0} 12 false [] 0 0}
2024/03/11 16:51:35 databasemap[6:gv-w8v1ORDGDmOKk9dZe]
2024/03/11 16:51:35 kvserver1 get正确执行，返回参数gv-w8v1ORDGDmOKk9dZe
2024/03/11 16:51:35 kvserver节点2 从applyCH 收到index11 cmd{true {Get 2667043296414369284 16 5  0} 11 false [] 0 0}
2024/03/11 16:51:35 databasemap[5:WiwXCCc1HwLBwdy2zO9T]
2024/03/11 16:51:35 kvserver节点0 从applyCH 收到index11 cmd{true {Get 2667043296414369284 16 5  0} 11 false [] 0 0}
2024/03/11 16:51:35 databasemap[5:WiwXCCc1HwLBwdy2zO9T]
2024/03/11 16:51:35 ####客户端 2667043296414369284 对 kv 服务器 server-100-0 发起第18指令 GET 指令信息：{7 18 2667043296414369284}
2024/03/11 16:51:35 ####客户端 2667043296414369284 对 kv 服务器 server-100-1 发起第18指令 GET 指令信息：{7 18 2667043296414369284}
2024/03/11 16:51:35 kvserver1 收到client2667043296414369284 第Seq18条指令,key7向下传递给raft
2024/03/11 16:51:35 kvserver节点2 从applyCH 收到index12 cmd{true {Get 2667043296414369284 17 6  0} 12 false [] 0 0}
2024/03/11 16:51:35 databasemap[6:gv-w8v1ORDGDmOKk9dZe]
2024/03/11 16:51:35 kvserver节点1 从applyCH 收到index6 cmd{true {Get 2667043296414369284 18 7  0} 6 false [] 0 0}
2024/03/11 16:51:35 databasemap[7:6Q8V1BS87eVPlB69U-ki]
2024/03/11 16:51:35 kvserver1 get正确执行，返回参数6Q8V1BS87eVPlB69U-ki
2024/03/11 16:51:35 ####客户端 2667043296414369284 对 kv 服务器 server-101-0 发起第19指令 GET 指令信息：{8 19 2667043296414369284}
2024/03/11 16:51:35 kvserver节点0 从applyCH 收到index12 cmd{true {Get 2667043296414369284 17 6  0} 12 false [] 0 0}
2024/03/11 16:51:35 databasemap[6:gv-w8v1ORDGDmOKk9dZe]
2024/03/11 16:51:35 ####客户端 2667043296414369284 对 kv 服务器 server-101-1 发起第19指令 GET 指令信息：{8 19 2667043296414369284}
2024/03/11 16:51:35 kvserver1 收到client2667043296414369284 第Seq19条指令,key8向下传递给raft
2024/03/11 16:51:35 kvserver节点0 从applyCH 收到index6 cmd{true {Get 2667043296414369284 18 7  0} 6 false [] 0 0}
2024/03/11 16:51:35 kvserver节点1 从applyCH 收到index13 cmd{true {Get 2667043296414369284 19 8  0} 13 false [] 0 0}
2024/03/11 16:51:35 databasemap[8:GnyQUj9WsbPQnfgycVSa]
2024/03/11 16:51:35 kvserver1 get正确执行，返回参数GnyQUj9WsbPQnfgycVSa
2024/03/11 16:51:35 kvserver节点2 从applyCH 收到index13 cmd{true {Get 2667043296414369284 19 8  0} 13 false [] 0 0}
2024/03/11 16:51:35 databasemap[8:GnyQUj9WsbPQnfgycVSa]
2024/03/11 16:51:35 databasemap[7:6Q8V1BS87eVPlB69U-ki]
2024/03/11 16:51:35 ####客户端 2667043296414369284 对 kv 服务器 server-101-0 发起第20指令 GET 指令信息：{9 20 2667043296414369284}
2024/03/11 16:51:35 kvserver节点2 从applyCH 收到index6 cmd{true {Get 2667043296414369284 18 7  0} 6 false [] 0 0}
2024/03/11 16:51:35 databasemap[7:6Q8V1BS87eVPlB69U-ki]
2024/03/11 16:51:35 ####客户端 2667043296414369284 对 kv 服务器 server-101-1 发起第20指令 GET 指令信息：{9 20 2667043296414369284}
2024/03/11 16:51:35 kvserver1 收到client2667043296414369284 第Seq20条指令,key9向下传递给raft
2024/03/11 16:51:35 kvserver节点1 从applyCH 收到index14 cmd{true {Get 2667043296414369284 20 9  0} 14 false [] 0 0}
2024/03/11 16:51:35 databasemap[9:qZorA4e9PK-Z7Ftj9Z7g]
2024/03/11 16:51:35 kvserver节点0 从applyCH 收到index13 cmd{true {Get 2667043296414369284 19 8  0} 13 false [] 0 0}
2024/03/11 16:51:35 databasemap[8:GnyQUj9WsbPQnfgycVSa]
2024/03/11 16:51:35 kvserver1 get正确执行，返回参数qZorA4e9PK-Z7Ftj9Z7g
2024/03/11 16:51:35 ####客户端 547849117621685895 对 ctrller 服务器 发起query 指令config{2 [101 100 101 101 101 100 101 101 101 100] map[100:[server-100-0 server-100-1 server-100-2] 101:[server-101-0 server-101-1 server-101-2]]}
2024/03/11 16:51:35 ####客户端 547849117621685895 对 kv 服务器 server-100-0 发起第1指令 GET 指令信息：{3 1 547849117621685895}
2024/03/11 16:51:35 ####客户端 547849117621685895 对 kv 服务器 server-100-1 发起第1指令 GET 指令信息：{3 1 547849117621685895}
2024/03/11 16:51:35 kvserver1 收到client547849117621685895 第Seq1条指令,key3向下传递给raft
2024/03/11 16:51:35 ####客户端 3735846514378131824 对 ctrller 服务器 发起query 指令config{2 [101 100 101 101 101 100 101 101 101 100] map[100:[server-100-0 server-100-1 server-100-2] 101:[server-101-0 server-101-1 server-101-2]]}
2024/03/11 16:51:35 ####客户端 3735846514378131824 对 kv 服务器 server-101-0 发起第1指令 GET 指令信息：{0 1 3735846514378131824}
2024/03/11 16:51:35 ####客户端 3735846514378131824 对 kv 服务器 server-101-1 发起第1指令 GET 指令信息：{0 1 3735846514378131824}
2024/03/11 16:51:36 kvserver节点1 从applyCH 收到index7 cmd{true {Get 547849117621685895 1 3  0} 7 false [] 0 0}
2024/03/11 16:51:36 databasemap[3:tTigzXmrfyZE4hnDJDbW]
2024/03/11 16:51:36 kvserver1 get正确执行，返回参数tTigzXmrfyZE4hnDJDbW
2024/03/11 16:51:36 ####客户端 1236952080676676850 对 ctrller 服务器 发起query 指令config{2 [101 100 101 101 101 100 101 101 101 100] map[100:[server-100-0 server-100-1 server-100-2] 101:[server-101-0 server-101-1 server-101-2]]}
2024/03/11 16:51:36 ####客户端 1236952080676676850 对 kv 服务器 server-101-0 发起第1指令 GET 指令信息：{5 1 1236952080676676850}
2024/03/11 16:51:36 ####客户端 1236952080676676850 对 kv 服务器 server-101-1 发起第1指令 GET 指令信息：{5 1 1236952080676676850}
2024/03/11 16:51:36 ####客户端 2156777055899175164 对 ctrller 服务器 发起query 指令config{2 [101 100 101 101 101 100 101 101 101 100] map[100:[server-100-0 server-100-1 server-100-2] 101:[server-101-0 server-101-1 server-101-2]]}
2024/03/11 16:51:36 ####客户端 2156777055899175164 对 kv 服务器 server-100-0 发起第1指令 GET 指令信息：{7 1 2156777055899175164}
2024/03/11 16:51:36 ####客户端 2156777055899175164 对 kv 服务器 server-100-1 发起第1指令 GET 指令信息：{7 1 2156777055899175164}
2024/03/11 16:51:36 kvserver1 收到client2156777055899175164 第Seq1条指令,key7向下传递给raft
2024/03/11 16:51:36 ####客户端 3735846514378131824 对 kv 服务器 server-101-2 发起第1指令 GET 指令信息：{0 1 3735846514378131824}
2024/03/11 16:51:36 ####客户端 1236952080676676850 对 kv 服务器 server-101-2 发起第1指令 GET 指令信息：{5 1 1236952080676676850}
2024/03/11 16:51:36 kvserver节点0 从applyCH 收到index7 cmd{true {Get 547849117621685895 1 3  0} 7 false [] 0 0}
2024/03/11 16:51:36 databasemap[3:tTigzXmrfyZE4hnDJDbW]
2024/03/11 16:51:36 kvserver节点2 从applyCH 收到index7 cmd{true {Get 547849117621685895 1 3  0} 7 false [] 0 0}
2024/03/11 16:51:36 databasemap[3:tTigzXmrfyZE4hnDJDbW]
2024/03/11 16:51:36 ####客户端 395770571682876986 对 ctrller 服务器 发起query 指令config{2 [101 100 101 101 101 100 101 101 101 100] map[100:[server-100-0 server-100-1 server-100-2] 101:[server-101-0 server-101-1 server-101-2]]}
2024/03/11 16:51:36 ####客户端 395770571682876986 对 kv 服务器 server-100-0 发起第1指令 GET 指令信息：{1 1 395770571682876986}
2024/03/11 16:51:36 ####客户端 395770571682876986 对 kv 服务器 server-100-1 发起第1指令 GET 指令信息：{1 1 395770571682876986}
2024/03/11 16:51:36 kvserver1 收到client395770571682876986 第Seq1条指令,key1向下传递给raft
2024/03/11 16:51:36 kvserver节点1 从applyCH 收到index8 cmd{true {Get 2156777055899175164 1 7  0} 8 false [] 0 0}
2024/03/11 16:51:36 databasemap[7:6Q8V1BS87eVPlB69U-ki]
2024/03/11 16:51:36 kvserver1 get正确执行，返回参数6Q8V1BS87eVPlB69U-ki
2024/03/11 16:51:36 ####客户端 1558878955212841738 对 ctrller 服务器 发起query 指令config{2 [101 100 101 101 101 100 101 101 101 100] map[100:[server-100-0 server-100-1 server-100-2] 101:[server-101-0 server-101-1 server-101-2]]}
2024/03/11 16:51:36 ####客户端 1558878955212841738 对 kv 服务器 server-101-0 发起第1指令 GET 指令信息：{9 1 1558878955212841738}
2024/03/11 16:51:36 ####客户端 1558878955212841738 对 kv 服务器 server-101-1 发起第1指令 GET 指令信息：{9 1 1558878955212841738}
2024/03/11 16:51:36 kvserver节点0 从applyCH 收到index8 cmd{true {Get 2156777055899175164 1 7  0} 8 false [] 0 0}
2024/03/11 16:51:36 kvserver节点2 从applyCH 收到index8 cmd{true {Get 2156777055899175164 1 7  0} 8 false [] 0 0}
2024/03/11 16:51:36 databasemap[7:6Q8V1BS87eVPlB69U-ki]
2024/03/11 16:51:36 kvserver节点1 从applyCH 收到index9 cmd{true {Get 395770571682876986 1 1  0} 9 false [] 0 0}
2024/03/11 16:51:36 databasemap[1:EzMUist1ugi4tmaEEPBl]
2024/03/11 16:51:36 kvserver1 get正确执行，返回参数EzMUist1ugi4tmaEEPBl
2024/03/11 16:51:36 databasemap[7:6Q8V1BS87eVPlB69U-ki]
2024/03/11 16:51:36 ####客户端 2717251252095140102 对 ctrller 服务器 发起query 指令config{2 [101 100 101 101 101 100 101 101 101 100] map[100:[server-100-0 server-100-1 server-100-2] 101:[server-101-0 server-101-1 server-101-2]]}
2024/03/11 16:51:36 ####客户端 2717251252095140102 对 kv 服务器 server-101-0 发起第1指令 GET 指令信息：{6 1 2717251252095140102}
2024/03/11 16:51:36 ####客户端 2717251252095140102 对 kv 服务器 server-101-1 发起第1指令 GET 指令信息：{6 1 2717251252095140102}
2024/03/11 16:51:36 ####客户端 3024218245640359538 对 ctrller 服务器 发起query 指令config{2 [101 100 101 101 101 100 101 101 101 100] map[100:[server-100-0 server-100-1 server-100-2] 101:[server-101-0 server-101-1 server-101-2]]}
2024/03/11 16:51:36 ####客户端 3024218245640359538 对 kv 服务器 server-101-0 发起第1指令 GET 指令信息：{8 1 3024218245640359538}
2024/03/11 16:51:36 ####客户端 1558878955212841738 对 kv 服务器 server-101-2 发起第1指令 GET 指令信息：{9 1 1558878955212841738}
2024/03/11 16:51:36 ####客户端 2717251252095140102 对 kv 服务器 server-101-2 发起第1指令 GET 指令信息：{6 1 2717251252095140102}
2024/03/11 16:51:36 ####客户端 3024218245640359538 对 kv 服务器 server-101-1 发起第1指令 GET 指令信息：{8 1 3024218245640359538}
2024/03/11 16:51:36 kvserver节点2 从applyCH 收到index9 cmd{true {Get 395770571682876986 1 1  0} 9 false [] 0 0}
2024/03/11 16:51:36 databasemap[1:EzMUist1ugi4tmaEEPBl]
2024/03/11 16:51:36 ####客户端 1681766601091812948 对 ctrller 服务器 发起query 指令config{2 [101 100 101 101 101 100 101 101 101 100] map[100:[server-100-0 server-100-1 server-100-2] 101:[server-101-0 server-101-1 server-101-2]]}
2024/03/11 16:51:36 ####客户端 1681766601091812948 对 kv 服务器 server-101-0 发起第1指令 GET 指令信息：{2 1 1681766601091812948}
2024/03/11 16:51:36 kvserver节点0 从applyCH 收到index9 cmd{true {Get 395770571682876986 1 1  0} 9 false [] 0 0}
2024/03/11 16:51:36 databasemap[1:EzMUist1ugi4tmaEEPBl]
2024/03/11 16:51:36 ####客户端 3024218245640359538 对 kv 服务器 server-101-2 发起第1指令 GET 指令信息：{8 1 3024218245640359538}
2024/03/11 16:51:36 ####客户端 1535010067229590735 对 ctrller 服务器 发起query 指令config{2 [101 100 101 101 101 100 101 101 101 100] map[100:[server-100-0 server-100-1 server-100-2] 101:[server-101-0 server-101-1 server-101-2]]}
2024/03/11 16:51:36 ####客户端 1535010067229590735 对 kv 服务器 server-101-0 发起第1指令 GET 指令信息：{4 1 1535010067229590735}
2024/03/11 16:51:36 ####客户端 1681766601091812948 对 kv 服务器 server-101-1 发起第1指令 GET 指令信息：{2 1 1681766601091812948}
2024/03/11 16:51:36 ####客户端 1535010067229590735 对 kv 服务器 server-101-1 发起第1指令 GET 指令信息：{4 1 1535010067229590735}
2024/03/11 16:51:36 ####客户端 1681766601091812948 对 kv 服务器 server-101-2 发起第1指令 GET 指令信息：{2 1 1681766601091812948}
2024/03/11 16:51:36 ####客户端 1535010067229590735 对 kv 服务器 server-101-2 发起第1指令 GET 指令信息：{4 1 1535010067229590735}
2024/03/11 16:51:36 ####客户端 3735846514378131824 对 ctrller 服务器 发起query 指令config{2 [101 100 101 101 101 100 101 101 101 100] map[100:[server-100-0 server-100-1 server-100-2] 101:[server-101-0 server-101-1 server-101-2]]}
2024/03/11 16:51:36 ####客户端 3735846514378131824 对 kv 服务器 server-101-0 发起第1指令 GET 指令信息：{0 1 3735846514378131824}
2024/03/11 16:51:36 ####客户端 3735846514378131824 对 kv 服务器 server-101-1 发起第1指令 GET 指令信息：{0 1 3735846514378131824}
2024/03/11 16:51:36 ####客户端 1236952080676676850 对 ctrller 服务器 发起query 指令config{2 [101 100 101 101 101 100 101 101 101 100] map[100:[server-100-0 server-100-1 server-100-2] 101:[server-101-0 server-101-1 server-101-2]]}
2024/03/11 16:51:36 ####客户端 1236952080676676850 对 kv 服务器 server-101-0 发起第1指令 GET 指令信息：{5 1 1236952080676676850}
2024/03/11 16:51:36 ####客户端 1236952080676676850 对 kv 服务器 server-101-1 发起第1指令 GET 指令信息：{5 1 1236952080676676850}
2024/03/11 16:51:36 ####客户端 1236952080676676850 对 kv 服务器 server-101-2 发起第1指令 GET 指令信息：{5 1 1236952080676676850}
2024/03/11 16:51:36 ####客户端 3735846514378131824 对 kv 服务器 server-101-2 发起第1指令 GET 指令信息：{0 1 3735846514378131824}
2024/03/11 16:51:36 ####客户端 3024218245640359538 对 ctrller 服务器 发起query 指令config{2 [101 100 101 101 101 100 101 101 101 100] map[100:[server-100-0 server-100-1 server-100-2] 101:[server-101-0 server-101-1 server-101-2]]}
2024/03/11 16:51:36 ####客户端 3024218245640359538 对 kv 服务器 server-101-0 发起第1指令 GET 指令信息：{8 1 3024218245640359538}
2024/03/11 16:51:36 ####客户端 2717251252095140102 对 ctrller 服务器 发起query 指令config{2 [101 100 101 101 101 100 101 101 101 100] map[100:[server-100-0 server-100-1 server-100-2] 101:[server-101-0 server-101-1 server-101-2]]}
2024/03/11 16:51:36 ####客户端 2717251252095140102 对 kv 服务器 server-101-0 发起第1指令 GET 指令信息：{6 1 2717251252095140102}
2024/03/11 16:51:36 ####客户端 3024218245640359538 对 kv 服务器 server-101-1 发起第1指令 GET 指令信息：{8 1 3024218245640359538}
2024/03/11 16:51:36 ####客户端 1558878955212841738 对 ctrller 服务器 发起query 指令config{2 [101 100 101 101 101 100 101 101 101 100] map[100:[server-100-0 server-100-1 server-100-2] 101:[server-101-0 server-101-1 server-101-2]]}
2024/03/11 16:51:36 ####客户端 1558878955212841738 对 kv 服务器 server-101-0 发起第1指令 GET 指令信息：{9 1 1558878955212841738}
2024/03/11 16:51:36 ####客户端 1558878955212841738 对 kv 服务器 server-101-1 发起第1指令 GET 指令信息：{9 1 1558878955212841738}
2024/03/11 16:51:36 ####客户端 2717251252095140102 对 kv 服务器 server-101-1 发起第1指令 GET 指令信息：{6 1 2717251252095140102}
2024/03/11 16:51:36 ####客户端 2717251252095140102 对 kv 服务器 server-101-2 发起第1指令 GET 指令信息：{6 1 2717251252095140102}
2024/03/11 16:51:37 ####客户端 3024218245640359538 对 kv 服务器 server-101-2 发起第1指令 GET 指令信息：{8 1 3024218245640359538}
2024/03/11 16:51:37 ####客户端 1558878955212841738 对 kv 服务器 server-101-2 发起第1指令 GET 指令信息：{9 1 1558878955212841738}
2024/03/11 16:51:37 ####客户端 1535010067229590735 对 ctrller 服务器 发起query 指令config{2 [101 100 101 101 101 100 101 101 101 100] map[100:[server-100-0 server-100-1 server-100-2] 101:[server-101-0 server-101-1 server-101-2]]}
2024/03/11 16:51:37 ####客户端 1535010067229590735 对 kv 服务器 server-101-0 发起第1指令 GET 指令信息：{4 1 1535010067229590735}
2024/03/11 16:51:37 ####客户端 1535010067229590735 对 kv 服务器 server-101-1 发起第1指令 GET 指令信息：{4 1 1535010067229590735}
2024/03/11 16:51:37 ####客户端 1535010067229590735 对 kv 服务器 server-101-2 发起第1指令 GET 指令信息：{4 1 1535010067229590735}
2024/03/11 16:51:37 ####客户端 1681766601091812948 对 ctrller 服务器 发起query 指令config{2 [101 100 101 101 101 100 101 101 101 100] map[100:[server-100-0 server-100-1 server-100-2] 101:[server-101-0 server-101-1 server-101-2]]}
2024/03/11 16:51:37 ####客户端 1681766601091812948 对 kv 服务器 server-101-0 发起第1指令 GET 指令信息：{2 1 1681766601091812948}
2024/03/11 16:51:37 ####客户端 1681766601091812948 对 kv 服务器 server-101-1 发起第1指令 GET 指令信息：{2 1 1681766601091812948}
2024/03/11 16:51:37 ####客户端 1681766601091812948 对 kv 服务器 server-101-2 发起第1指令 GET 指令信息：{2 1 1681766601091812948}
2024/03/11 16:51:37 ####客户端 1236952080676676850 对 ctrller 服务器 发起query 指令config{2 [101 100 101 101 101 100 101 101 101 100] map[100:[server-100-0 server-100-1 server-100-2] 101:[server-101-0 server-101-1 server-101-2]]}
2024/03/11 16:51:37 ####客户端 1236952080676676850 对 kv 服务器 server-101-0 发起第1指令 GET 指令信息：{5 1 1236952080676676850}
2024/03/11 16:51:37 ####客户端 1236952080676676850 对 kv 服务器 server-101-1 发起第1指令 GET 指令信息：{5 1 1236952080676676850}
2024/03/11 16:51:37 ####客户端 3735846514378131824 对 ctrller 服务器 发起query 指令config{2 [101 100 101 101 101 100 101 101 101 100] map[100:[server-100-0 server-100-1 server-100-2] 101:[server-101-0 server-101-1 server-101-2]]}
2024/03/11 16:51:37 ####客户端 3735846514378131824 对 kv 服务器 server-101-0 发起第1指令 GET 指令信息：{0 1 3735846514378131824}
2024/03/11 16:51:37 ####客户端 1236952080676676850 对 kv 服务器 server-101-2 发起第1指令 GET 指令信息：{5 1 1236952080676676850}
2024/03/11 16:51:37 ####客户端 3735846514378131824 对 kv 服务器 server-101-1 发起第1指令 GET 指令信息：{0 1 3735846514378131824}
2024/03/11 16:51:37 ####客户端 1558878955212841738 对 ctrller 服务器 发起query 指令config{2 [101 100 101 101 101 100 101 101 101 100] map[100:[server-100-0 server-100-1 server-100-2] 101:[server-101-0 server-101-1 server-101-2]]}
2024/03/11 16:51:37 ####客户端 1558878955212841738 对 kv 服务器 server-101-0 发起第1指令 GET 指令信息：{9 1 1558878955212841738}
2024/03/11 16:51:37 ####客户端 3735846514378131824 对 kv 服务器 server-101-2 发起第1指令 GET 指令信息：{0 1 3735846514378131824}
2024/03/11 16:51:37 ####客户端 1558878955212841738 对 kv 服务器 server-101-1 发起第1指令 GET 指令信息：{9 1 1558878955212841738}
2024/03/11 16:51:37 ####客户端 1558878955212841738 对 kv 服务器 server-101-2 发起第1指令 GET 指令信息：{9 1 1558878955212841738}
2024/03/11 16:51:37 ####客户端 3024218245640359538 对 ctrller 服务器 发起query 指令config{2 [101 100 101 101 101 100 101 101 101 100] map[100:[server-100-0 server-100-1 server-100-2] 101:[server-101-0 server-101-1 server-101-2]]}
2024/03/11 16:51:37 ####客户端 3024218245640359538 对 kv 服务器 server-101-0 发起第1指令 GET 指令信息：{8 1 3024218245640359538}
2024/03/11 16:51:37 ####客户端 3024218245640359538 对 kv 服务器 server-101-1 发起第1指令 GET 指令信息：{8 1 3024218245640359538}
2024/03/11 16:51:37 ####客户端 2717251252095140102 对 ctrller 服务器 发起query 指令config{2 [101 100 101 101 101 100 101 101 101 100] map[100:[server-100-0 server-100-1 server-100-2] 101:[server-101-0 server-101-1 server-101-2]]}
2024/03/11 16:51:37 ####客户端 2717251252095140102 对 kv 服务器 server-101-0 发起第1指令 GET 指令信息：{6 1 2717251252095140102}
2024/03/11 16:51:37 ####客户端 3024218245640359538 对 kv 服务器 server-101-2 发起第1指令 GET 指令信息：{8 1 3024218245640359538}
2024/03/11 16:51:37 ####客户端 2717251252095140102 对 kv 服务器 server-101-1 发起第1指令 GET 指令信息：{6 1 2717251252095140102}
2024/03/11 16:51:37 ####客户端 1535010067229590735 对 ctrller 服务器 发起query 指令config{2 [101 100 101 101 101 100 101 101 101 100] map[100:[server-100-0 server-100-1 server-100-2] 101:[server-101-0 server-101-1 server-101-2]]}
2024/03/11 16:51:37 ####客户端 1535010067229590735 对 kv 服务器 server-101-0 发起第1指令 GET 指令信息：{4 1 1535010067229590735}
2024/03/11 16:51:37 ####客户端 2717251252095140102 对 kv 服务器 server-101-2 发起第1指令 GET 指令信息：{6 1 2717251252095140102}
2024/03/11 16:51:37 ####客户端 1535010067229590735 对 kv 服务器 server-101-1 发起第1指令 GET 指令信息：{4 1 1535010067229590735}
2024/03/11 16:51:37 ####客户端 1535010067229590735 对 kv 服务器 server-101-2 发起第1指令 GET 指令信息：{4 1 1535010067229590735}
2024/03/11 16:51:37 ####客户端 1681766601091812948 对 ctrller 服务器 发起query 指令config{2 [101 100 101 101 101 100 101 101 101 100] map[100:[server-100-0 server-100-1 server-100-2] 101:[server-101-0 server-101-1 server-101-2]]}
2024/03/11 16:51:37 ####客户端 1681766601091812948 对 kv 服务器 server-101-0 发起第1指令 GET 指令信息：{2 1 1681766601091812948}
2024/03/11 16:51:37 ####客户端 1681766601091812948 对 kv 服务器 server-101-1 发起第1指令 GET 指令信息：{2 1 1681766601091812948}
2024/03/11 16:51:38 ####客户端 1681766601091812948 对 kv 服务器 server-101-2 发起第1指令 GET 指令信息：{2 1 1681766601091812948}
2024/03/11 16:51:38 ####客户端 1236952080676676850 对 ctrller 服务器 发起query 指令config{2 [101 100 101 101 101 100 101 101 101 100] map[100:[server-100-0 server-100-1 server-100-2] 101:[server-101-0 server-101-1 server-101-2]]}
2024/03/11 16:51:38 ####客户端 1236952080676676850 对 kv 服务器 server-101-0 发起第1指令 GET 指令信息：{5 1 1236952080676676850}
2024/03/11 16:51:38 ####客户端 3735846514378131824 对 ctrller 服务器 发起query 指令config{2 [101 100 101 101 101 100 101 101 101 100] map[100:[server-100-0 server-100-1 server-100-2] 101:[server-101-0 server-101-1 server-101-2]]}
2024/03/11 16:51:38 ####客户端 3735846514378131824 对 kv 服务器 server-101-0 发起第1指令 GET 指令信息：{0 1 3735846514378131824}
2024/03/11 16:51:38 ####客户端 1236952080676676850 对 kv 服务器 server-101-1 发起第1指令 GET 指令信息：{5 1 1236952080676676850}
2024/03/11 16:51:38 ####客户端 3735846514378131824 对 kv 服务器 server-101-1 发起第1指令 GET 指令信息：{0 1 3735846514378131824}
2024/03/11 16:51:38 ####客户端 1236952080676676850 对 kv 服务器 server-101-2 发起第1指令 GET 指令信息：{5 1 1236952080676676850}
--- FAIL: TestStaticShards (6.72s)
    test_test.go:88: expected 5 completions with one shard dead; got 3
FAIL
exit status 1
FAIL	6.5840/shardkv	6.728s
